<?xml version="1.0" encoding="UTF-8"?>
<!-- Generated by org.testng.reporters.JUnitXMLReporter -->
<testsuite hostname="LAPTOP-D2GVCL39" ignored="4" name="Test" tests="10" failures="0" timestamp="2022-05-08T18:53:27 IST" time="10.801" errors="0">
  <testcase name="@BeforeClass beforeClassOfA" time="6.332" classname="KTCTC.BTest">
    <failure type="org.openqa.selenium.SessionNotCreatedException" message="session not created: This version of ChromeDriver only supports Chrome version 99
Current browser version is 101.0.4951.54 with binary path C:\Program Files (x86)\Google\Chrome\Application\chrome.exe
Build info: version: &amp;apos;3.141.59&amp;apos;, revision: &amp;apos;e82be7d358&amp;apos;, time: &amp;apos;2018-11-14T08:17:03&amp;apos;
System info: host: &amp;apos;LAPTOP-D2GVCL39&amp;apos;, ip: &amp;apos;192.168.43.132&amp;apos;, os.name: &amp;apos;Windows 10&amp;apos;, os.arch: &amp;apos;amd64&amp;apos;, os.version: &amp;apos;10.0&amp;apos;, java.version: &amp;apos;1.8.0_261&amp;apos;
Driver info: driver.version: ChromeDriver
remote stacktrace: Backtrace:
	Ordinal0 [0x004E9943+2595139]
	Ordinal0 [0x0047C9F1+2148849]
	Ordinal0 [0x00374528+1066280]
	Ordinal0 [0x003942C3+1196739]
	Ordinal0 [0x0038FE37+1179191]
	Ordinal0 [0x0038D6F1+1169137]
	Ordinal0 [0x003C0530+1377584]
	Ordinal0 [0x003C018A+1376650]
	Ordinal0 [0x003BB806+1357830]
	Ordinal0 [0x00396086+1204358]
	Ordinal0 [0x00396F96+1208214]
	GetHandleVerifier [0x0068B232+1658114]
	GetHandleVerifier [0x0074312C+2411516]
	GetHandleVerifier [0x0057F261+560433]
	GetHandleVerifier [0x0057E366+556598]
	Ordinal0 [0x0048286B+2173035]
	Ordinal0 [0x004875F8+2192888]
	Ordinal0 [0x004876E5+2193125]
	Ordinal0 [0x004911FC+2232828]
	BaseThreadInitThunk [0x7665FA29+25]
	RtlGetAppContainerNamedObjectPath [0x774E7A7E+286]
	RtlGetAppContainerNamedObjectPath [0x774E7A4E+238]
">
      <![CDATA[org.openqa.selenium.SessionNotCreatedException: session not created: This version of ChromeDriver only supports Chrome version 99
Current browser version is 101.0.4951.54 with binary path C:\Program Files (x86)\Google\Chrome\Application\chrome.exe
Build info: version: '3.141.59', revision: 'e82be7d358', time: '2018-11-14T08:17:03'
System info: host: 'LAPTOP-D2GVCL39', ip: '192.168.43.132', os.name: 'Windows 10', os.arch: 'amd64', os.version: '10.0', java.version: '1.8.0_261'
Driver info: driver.version: ChromeDriver
remote stacktrace: Backtrace:
Ordinal0 [0x004E9943+2595139]
Ordinal0 [0x0047C9F1+2148849]
Ordinal0 [0x00374528+1066280]
Ordinal0 [0x003942C3+1196739]
Ordinal0 [0x0038FE37+1179191]
Ordinal0 [0x0038D6F1+1169137]
Ordinal0 [0x003C0530+1377584]
Ordinal0 [0x003C018A+1376650]
Ordinal0 [0x003BB806+1357830]
Ordinal0 [0x00396086+1204358]
Ordinal0 [0x00396F96+1208214]
GetHandleVerifier [0x0068B232+1658114]
GetHandleVerifier [0x0074312C+2411516]
GetHandleVerifier [0x0057F261+560433]
GetHandleVerifier [0x0057E366+556598]
Ordinal0 [0x0048286B+2173035]
Ordinal0 [0x004875F8+2192888]
Ordinal0 [0x004876E5+2193125]
Ordinal0 [0x004911FC+2232828]
BaseThreadInitThunk [0x7665FA29+25]
RtlGetAppContainerNamedObjectPath [0x774E7A7E+286]
RtlGetAppContainerNamedObjectPath [0x774E7A4E+238]

at org.openqa.selenium.remote.W3CHandshakeResponse.lambda$errorHandler$0(W3CHandshakeResponse.java:62)
at org.openqa.selenium.remote.HandshakeResponse.lambda$getResponseFunction$0(HandshakeResponse.java:30)
at org.openqa.selenium.remote.ProtocolHandshake.lambda$createSession$0(ProtocolHandshake.java:126)
at java.util.stream.ReferencePipeline$3$1.accept(Unknown Source)
at java.util.Spliterators$ArraySpliterator.tryAdvance(Unknown Source)
at java.util.stream.ReferencePipeline.forEachWithCancel(Unknown Source)
at java.util.stream.AbstractPipeline.copyIntoWithCancel(Unknown Source)
at java.util.stream.AbstractPipeline.copyInto(Unknown Source)
at java.util.stream.AbstractPipeline.wrapAndCopyInto(Unknown Source)
at java.util.stream.FindOps$FindOp.evaluateSequential(Unknown Source)
at java.util.stream.AbstractPipeline.evaluate(Unknown Source)
at java.util.stream.ReferencePipeline.findFirst(Unknown Source)
at org.openqa.selenium.remote.ProtocolHandshake.createSession(ProtocolHandshake.java:128)
at org.openqa.selenium.remote.ProtocolHandshake.createSession(ProtocolHandshake.java:74)
at org.openqa.selenium.remote.HttpCommandExecutor.execute(HttpCommandExecutor.java:136)
at org.openqa.selenium.remote.service.DriverCommandExecutor.execute(DriverCommandExecutor.java:83)
at org.openqa.selenium.remote.RemoteWebDriver.execute(RemoteWebDriver.java:552)
at org.openqa.selenium.remote.RemoteWebDriver.startSession(RemoteWebDriver.java:213)
at org.openqa.selenium.remote.RemoteWebDriver.<init>(RemoteWebDriver.java:131)
at org.openqa.selenium.chrome.ChromeDriver.<init>(ChromeDriver.java:181)
at org.openqa.selenium.chrome.ChromeDriver.<init>(ChromeDriver.java:168)
at org.openqa.selenium.chrome.ChromeDriver.<init>(ChromeDriver.java:157)
at com.uiFramework.KTCTC.helper.browserConfiguration.ChromeBrowser.getChromeDriver(ChromeBrowser.java:49)
at com.uiFramework.KTCTC.helper.browserConfiguration.ChromeBrowser.getBrowserInstance(ChromeBrowser.java:60)
at KTCTC.BTest.beforeClassOfA(BTest.java:17)
at java.util.ArrayList.forEach(Unknown Source)
... Removed 29 stack frames]]>
    </failure>
  </testcase> <!-- @BeforeClass beforeClassOfA -->
  <testcase name="@BeforeMethod beforeMethod" time="-1.652016203264E9" classname="com.uiFramework.KTCTC.testbase.TestBase">
    <skipped/>
  </testcase> <!-- @BeforeMethod beforeMethod -->
  <testcase name="@AfterMethod afterMethod" time="-1.652016203306E9" classname="com.uiFramework.KTCTC.testbase.TestBase">
    <skipped/>
  </testcase> <!-- @AfterMethod afterMethod -->
  <testcase name="@BeforeMethod beforeMethod" time="-1.652016203318E9" classname="com.uiFramework.KTCTC.testbase.TestBase">
    <skipped/>
  </testcase> <!-- @BeforeMethod beforeMethod -->
  <testcase name="@AfterMethod afterMethod" time="-1.652016203337E9" classname="com.uiFramework.KTCTC.testbase.TestBase">
    <skipped/>
  </testcase> <!-- @AfterMethod afterMethod -->
  <testcase name="@AfterClass afterClass" time="-1.652016203348E9" classname="com.uiFramework.KTCTC.testbase.TestBase">
    <skipped/>
  </testcase> <!-- @AfterClass afterClass -->
  <testcase name="@BeforeClass beforeClassOfA" time="2.108" classname="KTCTC.ATest">
    <failure type="org.openqa.selenium.SessionNotCreatedException" message="session not created: This version of ChromeDriver only supports Chrome version 99
Current browser version is 101.0.4951.54 with binary path C:\Program Files (x86)\Google\Chrome\Application\chrome.exe
Build info: version: &amp;apos;3.141.59&amp;apos;, revision: &amp;apos;e82be7d358&amp;apos;, time: &amp;apos;2018-11-14T08:17:03&amp;apos;
System info: host: &amp;apos;LAPTOP-D2GVCL39&amp;apos;, ip: &amp;apos;192.168.43.132&amp;apos;, os.name: &amp;apos;Windows 10&amp;apos;, os.arch: &amp;apos;amd64&amp;apos;, os.version: &amp;apos;10.0&amp;apos;, java.version: &amp;apos;1.8.0_261&amp;apos;
Driver info: driver.version: ChromeDriver
remote stacktrace: Backtrace:
	Ordinal0 [0x004E9943+2595139]
	Ordinal0 [0x0047C9F1+2148849]
	Ordinal0 [0x00374528+1066280]
	Ordinal0 [0x003942C3+1196739]
	Ordinal0 [0x0038FE37+1179191]
	Ordinal0 [0x0038D6F1+1169137]
	Ordinal0 [0x003C0530+1377584]
	Ordinal0 [0x003C018A+1376650]
	Ordinal0 [0x003BB806+1357830]
	Ordinal0 [0x00396086+1204358]
	Ordinal0 [0x00396F96+1208214]
	GetHandleVerifier [0x0068B232+1658114]
	GetHandleVerifier [0x0074312C+2411516]
	GetHandleVerifier [0x0057F261+560433]
	GetHandleVerifier [0x0057E366+556598]
	Ordinal0 [0x0048286B+2173035]
	Ordinal0 [0x004875F8+2192888]
	Ordinal0 [0x004876E5+2193125]
	Ordinal0 [0x004911FC+2232828]
	BaseThreadInitThunk [0x7665FA29+25]
	RtlGetAppContainerNamedObjectPath [0x774E7A7E+286]
	RtlGetAppContainerNamedObjectPath [0x774E7A4E+238]
">
      <![CDATA[org.openqa.selenium.SessionNotCreatedException: session not created: This version of ChromeDriver only supports Chrome version 99
Current browser version is 101.0.4951.54 with binary path C:\Program Files (x86)\Google\Chrome\Application\chrome.exe
Build info: version: '3.141.59', revision: 'e82be7d358', time: '2018-11-14T08:17:03'
System info: host: 'LAPTOP-D2GVCL39', ip: '192.168.43.132', os.name: 'Windows 10', os.arch: 'amd64', os.version: '10.0', java.version: '1.8.0_261'
Driver info: driver.version: ChromeDriver
remote stacktrace: Backtrace:
Ordinal0 [0x004E9943+2595139]
Ordinal0 [0x0047C9F1+2148849]
Ordinal0 [0x00374528+1066280]
Ordinal0 [0x003942C3+1196739]
Ordinal0 [0x0038FE37+1179191]
Ordinal0 [0x0038D6F1+1169137]
Ordinal0 [0x003C0530+1377584]
Ordinal0 [0x003C018A+1376650]
Ordinal0 [0x003BB806+1357830]
Ordinal0 [0x00396086+1204358]
Ordinal0 [0x00396F96+1208214]
GetHandleVerifier [0x0068B232+1658114]
GetHandleVerifier [0x0074312C+2411516]
GetHandleVerifier [0x0057F261+560433]
GetHandleVerifier [0x0057E366+556598]
Ordinal0 [0x0048286B+2173035]
Ordinal0 [0x004875F8+2192888]
Ordinal0 [0x004876E5+2193125]
Ordinal0 [0x004911FC+2232828]
BaseThreadInitThunk [0x7665FA29+25]
RtlGetAppContainerNamedObjectPath [0x774E7A7E+286]
RtlGetAppContainerNamedObjectPath [0x774E7A4E+238]

at org.openqa.selenium.remote.W3CHandshakeResponse.lambda$errorHandler$0(W3CHandshakeResponse.java:62)
at org.openqa.selenium.remote.HandshakeResponse.lambda$getResponseFunction$0(HandshakeResponse.java:30)
at org.openqa.selenium.remote.ProtocolHandshake.lambda$createSession$0(ProtocolHandshake.java:126)
at java.util.stream.ReferencePipeline$3$1.accept(Unknown Source)
at java.util.Spliterators$ArraySpliterator.tryAdvance(Unknown Source)
at java.util.stream.ReferencePipeline.forEachWithCancel(Unknown Source)
at java.util.stream.AbstractPipeline.copyIntoWithCancel(Unknown Source)
at java.util.stream.AbstractPipeline.copyInto(Unknown Source)
at java.util.stream.AbstractPipeline.wrapAndCopyInto(Unknown Source)
at java.util.stream.FindOps$FindOp.evaluateSequential(Unknown Source)
at java.util.stream.AbstractPipeline.evaluate(Unknown Source)
at java.util.stream.ReferencePipeline.findFirst(Unknown Source)
at org.openqa.selenium.remote.ProtocolHandshake.createSession(ProtocolHandshake.java:128)
at org.openqa.selenium.remote.ProtocolHandshake.createSession(ProtocolHandshake.java:74)
at org.openqa.selenium.remote.HttpCommandExecutor.execute(HttpCommandExecutor.java:136)
at org.openqa.selenium.remote.service.DriverCommandExecutor.execute(DriverCommandExecutor.java:83)
at org.openqa.selenium.remote.RemoteWebDriver.execute(RemoteWebDriver.java:552)
at org.openqa.selenium.remote.RemoteWebDriver.startSession(RemoteWebDriver.java:213)
at org.openqa.selenium.remote.RemoteWebDriver.<init>(RemoteWebDriver.java:131)
at org.openqa.selenium.chrome.ChromeDriver.<init>(ChromeDriver.java:181)
at org.openqa.selenium.chrome.ChromeDriver.<init>(ChromeDriver.java:168)
at org.openqa.selenium.chrome.ChromeDriver.<init>(ChromeDriver.java:157)
at com.uiFramework.KTCTC.helper.browserConfiguration.ChromeBrowser.getChromeDriver(ChromeBrowser.java:49)
at com.uiFramework.KTCTC.helper.browserConfiguration.ChromeBrowser.getBrowserInstance(ChromeBrowser.java:60)
at KTCTC.ATest.beforeClassOfA(ATest.java:20)
at java.util.ArrayList.forEach(Unknown Source)
... Removed 29 stack frames]]>
    </failure>
  </testcase> <!-- @BeforeClass beforeClassOfA -->
  <testcase name="@BeforeMethod beforeMethod" time="-1.652016205469E9" classname="com.uiFramework.KTCTC.testbase.TestBase">
    <skipped/>
  </testcase> <!-- @BeforeMethod beforeMethod -->
  <testcase name="@AfterMethod afterMethod" time="-1.652016205504E9" classname="com.uiFramework.KTCTC.testbase.TestBase">
    <skipped/>
  </testcase> <!-- @AfterMethod afterMethod -->
  <testcase name="@BeforeMethod beforeMethod" time="-1.652016205509E9" classname="com.uiFramework.KTCTC.testbase.TestBase">
    <skipped/>
  </testcase> <!-- @BeforeMethod beforeMethod -->
  <testcase name="@AfterMethod afterMethod" time="-1.652016205543E9" classname="com.uiFramework.KTCTC.testbase.TestBase">
    <skipped/>
  </testcase> <!-- @AfterMethod afterMethod -->
  <testcase name="@AfterClass afterClass" time="-1.652016205547E9" classname="com.uiFramework.KTCTC.testbase.TestBase">
    <skipped/>
  </testcase> <!-- @AfterClass afterClass -->
  <testcase name="@BeforeClass beforeClassOfA" time="1.954" classname="com.uiFramework.KTCTC.testbase.TestBase">
    <failure type="org.openqa.selenium.SessionNotCreatedException" message="session not created: This version of ChromeDriver only supports Chrome version 99
Current browser version is 101.0.4951.54 with binary path C:\Program Files (x86)\Google\Chrome\Application\chrome.exe
Build info: version: &amp;apos;3.141.59&amp;apos;, revision: &amp;apos;e82be7d358&amp;apos;, time: &amp;apos;2018-11-14T08:17:03&amp;apos;
System info: host: &amp;apos;LAPTOP-D2GVCL39&amp;apos;, ip: &amp;apos;192.168.43.132&amp;apos;, os.name: &amp;apos;Windows 10&amp;apos;, os.arch: &amp;apos;amd64&amp;apos;, os.version: &amp;apos;10.0&amp;apos;, java.version: &amp;apos;1.8.0_261&amp;apos;
Driver info: driver.version: ChromeDriver
remote stacktrace: Backtrace:
	Ordinal0 [0x004E9943+2595139]
	Ordinal0 [0x0047C9F1+2148849]
	Ordinal0 [0x00374528+1066280]
	Ordinal0 [0x003942C3+1196739]
	Ordinal0 [0x0038FE37+1179191]
	Ordinal0 [0x0038D6F1+1169137]
	Ordinal0 [0x003C0530+1377584]
	Ordinal0 [0x003C018A+1376650]
	Ordinal0 [0x003BB806+1357830]
	Ordinal0 [0x00396086+1204358]
	Ordinal0 [0x00396F96+1208214]
	GetHandleVerifier [0x0068B232+1658114]
	GetHandleVerifier [0x0074312C+2411516]
	GetHandleVerifier [0x0057F261+560433]
	GetHandleVerifier [0x0057E366+556598]
	Ordinal0 [0x0048286B+2173035]
	Ordinal0 [0x004875F8+2192888]
	Ordinal0 [0x004876E5+2193125]
	Ordinal0 [0x004911FC+2232828]
	BaseThreadInitThunk [0x7665FA29+25]
	RtlGetAppContainerNamedObjectPath [0x774E7A7E+286]
	RtlGetAppContainerNamedObjectPath [0x774E7A4E+238]
">
      <![CDATA[org.openqa.selenium.SessionNotCreatedException: session not created: This version of ChromeDriver only supports Chrome version 99
Current browser version is 101.0.4951.54 with binary path C:\Program Files (x86)\Google\Chrome\Application\chrome.exe
Build info: version: '3.141.59', revision: 'e82be7d358', time: '2018-11-14T08:17:03'
System info: host: 'LAPTOP-D2GVCL39', ip: '192.168.43.132', os.name: 'Windows 10', os.arch: 'amd64', os.version: '10.0', java.version: '1.8.0_261'
Driver info: driver.version: ChromeDriver
remote stacktrace: Backtrace:
Ordinal0 [0x004E9943+2595139]
Ordinal0 [0x0047C9F1+2148849]
Ordinal0 [0x00374528+1066280]
Ordinal0 [0x003942C3+1196739]
Ordinal0 [0x0038FE37+1179191]
Ordinal0 [0x0038D6F1+1169137]
Ordinal0 [0x003C0530+1377584]
Ordinal0 [0x003C018A+1376650]
Ordinal0 [0x003BB806+1357830]
Ordinal0 [0x00396086+1204358]
Ordinal0 [0x00396F96+1208214]
GetHandleVerifier [0x0068B232+1658114]
GetHandleVerifier [0x0074312C+2411516]
GetHandleVerifier [0x0057F261+560433]
GetHandleVerifier [0x0057E366+556598]
Ordinal0 [0x0048286B+2173035]
Ordinal0 [0x004875F8+2192888]
Ordinal0 [0x004876E5+2193125]
Ordinal0 [0x004911FC+2232828]
BaseThreadInitThunk [0x7665FA29+25]
RtlGetAppContainerNamedObjectPath [0x774E7A7E+286]
RtlGetAppContainerNamedObjectPath [0x774E7A4E+238]

at org.openqa.selenium.remote.W3CHandshakeResponse.lambda$errorHandler$0(W3CHandshakeResponse.java:62)
at org.openqa.selenium.remote.HandshakeResponse.lambda$getResponseFunction$0(HandshakeResponse.java:30)
at org.openqa.selenium.remote.ProtocolHandshake.lambda$createSession$0(ProtocolHandshake.java:126)
at java.util.stream.ReferencePipeline$3$1.accept(Unknown Source)
at java.util.Spliterators$ArraySpliterator.tryAdvance(Unknown Source)
at java.util.stream.ReferencePipeline.forEachWithCancel(Unknown Source)
at java.util.stream.AbstractPipeline.copyIntoWithCancel(Unknown Source)
at java.util.stream.AbstractPipeline.copyInto(Unknown Source)
at java.util.stream.AbstractPipeline.wrapAndCopyInto(Unknown Source)
at java.util.stream.FindOps$FindOp.evaluateSequential(Unknown Source)
at java.util.stream.AbstractPipeline.evaluate(Unknown Source)
at java.util.stream.ReferencePipeline.findFirst(Unknown Source)
at org.openqa.selenium.remote.ProtocolHandshake.createSession(ProtocolHandshake.java:128)
at org.openqa.selenium.remote.ProtocolHandshake.createSession(ProtocolHandshake.java:74)
at org.openqa.selenium.remote.HttpCommandExecutor.execute(HttpCommandExecutor.java:136)
at org.openqa.selenium.remote.service.DriverCommandExecutor.execute(DriverCommandExecutor.java:83)
at org.openqa.selenium.remote.RemoteWebDriver.execute(RemoteWebDriver.java:552)
at org.openqa.selenium.remote.RemoteWebDriver.startSession(RemoteWebDriver.java:213)
at org.openqa.selenium.remote.RemoteWebDriver.<init>(RemoteWebDriver.java:131)
at org.openqa.selenium.chrome.ChromeDriver.<init>(ChromeDriver.java:181)
at org.openqa.selenium.chrome.ChromeDriver.<init>(ChromeDriver.java:168)
at org.openqa.selenium.chrome.ChromeDriver.<init>(ChromeDriver.java:157)
at com.uiFramework.KTCTC.helper.browserConfiguration.ChromeBrowser.getChromeDriver(ChromeBrowser.java:49)
at com.uiFramework.KTCTC.helper.browserConfiguration.ChromeBrowser.getBrowserInstance(ChromeBrowser.java:60)
at com.uiFramework.KTCTC.testbase.TestBase.beforeClassOfA(TestBase.java:46)
at java.util.ArrayList.forEach(Unknown Source)
... Removed 29 stack frames]]>
    </failure>
  </testcase> <!-- @BeforeClass beforeClassOfA -->
  <testcase name="@BeforeMethod beforeMethod" time="-1.652016207527E9" classname="com.uiFramework.KTCTC.testbase.TestBase">
    <skipped/>
  </testcase> <!-- @BeforeMethod beforeMethod -->
  <testcase name="@AfterMethod afterMethod" time="-1.652016207553E9" classname="com.uiFramework.KTCTC.testbase.TestBase">
    <skipped/>
  </testcase> <!-- @AfterMethod afterMethod -->
  <testcase name="@BeforeMethod beforeMethod" time="-1.652016207565E9" classname="com.uiFramework.KTCTC.testbase.TestBase">
    <skipped/>
  </testcase> <!-- @BeforeMethod beforeMethod -->
  <testcase name="@AfterMethod afterMethod" time="-1.652016207582E9" classname="com.uiFramework.KTCTC.testbase.TestBase">
    <skipped/>
  </testcase> <!-- @AfterMethod afterMethod -->
  <testcase name="@BeforeMethod beforeMethod" time="-1.652016207586E9" classname="com.uiFramework.KTCTC.testbase.TestBase">
    <skipped/>
  </testcase> <!-- @BeforeMethod beforeMethod -->
  <testcase name="@AfterMethod afterMethod" time="-1.652016207598E9" classname="com.uiFramework.KTCTC.testbase.TestBase">
    <skipped/>
  </testcase> <!-- @AfterMethod afterMethod -->
  <testcase name="@BeforeMethod beforeMethod" time="-1.652016207602E9" classname="com.uiFramework.KTCTC.testbase.TestBase">
    <skipped/>
  </testcase> <!-- @BeforeMethod beforeMethod -->
  <testcase name="@AfterMethod afterMethod" time="-1.652016207614E9" classname="com.uiFramework.KTCTC.testbase.TestBase">
    <skipped/>
  </testcase> <!-- @AfterMethod afterMethod -->
  <testcase name="@BeforeMethod beforeMethod" time="-1.652016207619E9" classname="com.uiFramework.KTCTC.testbase.TestBase">
    <skipped/>
  </testcase> <!-- @BeforeMethod beforeMethod -->
  <testcase name="@AfterMethod afterMethod" time="-1.652016207631E9" classname="com.uiFramework.KTCTC.testbase.TestBase">
    <skipped/>
  </testcase> <!-- @AfterMethod afterMethod -->
  <testcase name="@BeforeMethod beforeMethod" time="-1.652016207645E9" classname="com.uiFramework.KTCTC.testbase.TestBase">
    <skipped/>
  </testcase> <!-- @BeforeMethod beforeMethod -->
  <testcase name="@AfterMethod afterMethod" time="-1.652016207651E9" classname="com.uiFramework.KTCTC.testbase.TestBase">
    <skipped/>
  </testcase> <!-- @AfterMethod afterMethod -->
  <testcase name="@AfterClass afterClass" time="-1.652016207653E9" classname="com.uiFramework.KTCTC.testbase.TestBase">
    <skipped/>
  </testcase> <!-- @AfterClass afterClass -->
  <testcase name="simpleFromB" time="0.002" classname="KTCTC.BTest">
    <skipped/>
  </testcase> <!-- simpleFromB -->
  <testcase name="simpleFromBB" time="0.0" classname="KTCTC.BTest">
    <skipped/>
  </testcase> <!-- simpleFromBB -->
  <testcase name="simple" time="0.0" classname="KTCTC.ATest">
    <skipped/>
  </testcase> <!-- simple -->
  <testcase name="simple1" time="0.0" classname="KTCTC.ATest">
    <skipped/>
  </testcase> <!-- simple1 -->
  <testcase name="verifyUserCanNavigateToWebTablePage" time="0.0" classname="KTCTC.regression.WebTablesTest">
    <skipped/>
  </testcase> <!-- verifyUserCanNavigateToWebTablePage -->
  <testcase name="verifyNewUserCanBeAddedOnWebTablePage" time="0.0" classname="KTCTC.regression.WebTablesTest">
    <skipped/>
  </testcase> <!-- verifyNewUserCanBeAddedOnWebTablePage -->
  <testcase name="verifyAllDetailsOfNewlyAddedUser" time="0.0" classname="KTCTC.regression.WebTablesTest">
    <skipped/>
  </testcase> <!-- verifyAllDetailsOfNewlyAddedUser -->
  <testcase name="verifyExistingUserCanBeEdited" time="0.0" classname="KTCTC.regression.WebTablesTest">
    <skipped/>
  </testcase> <!-- verifyExistingUserCanBeEdited -->
  <testcase name="verifyAllDetailsOfEditedUser" time="0.0" classname="KTCTC.regression.WebTablesTest">
    <skipped/>
  </testcase> <!-- verifyAllDetailsOfEditedUser -->
  <testcase name="verifyExistringUserCanBeDeleted" time="0.0" classname="KTCTC.regression.WebTablesTest">
    <skipped/>
  </testcase> <!-- verifyExistringUserCanBeDeleted -->
  <testcase name="@BeforeSuite beforeSuite" time="0.0" classname="com.uiFramework.KTCTC.testbase.TestBase">
    <ignored/>
  </testcase> <!-- @BeforeSuite beforeSuite -->
  <testcase name="@BeforeSuite beforeSuite" time="0.0" classname="com.uiFramework.KTCTC.testbase.TestBase">
    <ignored/>
  </testcase> <!-- @BeforeSuite beforeSuite -->
  <testcase name="@AfterSuite afterSuiteMethod" time="0.0" classname="com.uiFramework.KTCTC.testbase.TestBase">
    <ignored/>
  </testcase> <!-- @AfterSuite afterSuiteMethod -->
  <testcase name="@AfterSuite afterSuiteMethod" time="0.0" classname="com.uiFramework.KTCTC.testbase.TestBase">
    <ignored/>
  </testcase> <!-- @AfterSuite afterSuiteMethod -->
</testsuite> <!-- Test -->
